Arguments: 
  C:\Program Files\nodejs\node.exe C:\Users\user\AppData\Roaming\npm\node_modules\yarn\bin\yarn.js add openapi-code-gen --dev

PATH: 
  C:\Program Files (x86)\Common Files\Oracle\Java\javapath;C:\Program Files\GTK3-RuntimeWin64\bin;C:\Program Files\Python310\Scripts\;C:\Program Files\Python310\;C:\Windows\system32;C:\Windows;C:\Windows\System32\Wbem;C:\Windows\System32\WindowsPowerShell\v1.0\;C:\Windows\System32\OpenSSH\;C:\Users\user\AppData\Roaming\Python\Python310\Scripts;C:\Program Files\Python310;C:\Program Files\PostgreSQL\14\bin;E:\Programs\curl-7.80.0-win64-mingw;E:\Programs\cygwin;E:\Programs\uwsgi\uwsgi-2.0.20\bin;%APPDATA%\Python\Scripts;C:\Program Files\MongoDB\MongoShell\bin;C:\Program Files\Docker\Docker\resources\bin;C:\Program Files\Git\cmd;E:\Programming;C:\Program Files\WireGuard\;C:\Program Files\nodejs\;C:\Users\user\AppData\Local\Microsoft\WindowsApps;C:\Users\user\AppData\Local\Programs\Microsoft VS Code\bin;C:\Users\user\AppData\Roaming\Python\Python310\Scripts;C:\Program Files\nodejs\;E:\Programs\heroku\bin;C:\Program Files\Python310;C:\Program Files\PostgreSQL\14\bin;C:\Program Files\GTK3-RuntimeWin64\bin;E:\Programs\curl-7.80.0-win64-mingw;E:\Programs\uwsgi\uwsgi-2.0.20\bin;C:\Users\user\AppData\Roaming\Python\Scripts;C:\Users\user\AppData\Roaming\npm

Yarn version: 
  1.22.19

Node version: 
  16.18.0

Platform: 
  win32 x64

Trace: 
  Error: https://registry.yarnpkg.com/openapi-code-gen: Not found
      at Request.params.callback [as _callback] (C:\Users\user\AppData\Roaming\npm\node_modules\yarn\lib\cli.js:66145:18)
      at Request.self.callback (C:\Users\user\AppData\Roaming\npm\node_modules\yarn\lib\cli.js:140890:22)
      at Request.emit (node:events:513:28)
      at Request.<anonymous> (C:\Users\user\AppData\Roaming\npm\node_modules\yarn\lib\cli.js:141862:10)
      at Request.emit (node:events:513:28)
      at IncomingMessage.<anonymous> (C:\Users\user\AppData\Roaming\npm\node_modules\yarn\lib\cli.js:141784:12)
      at Object.onceWrapper (node:events:627:28)
      at IncomingMessage.emit (node:events:525:35)
      at endReadableNT (node:internal/streams/readable:1358:12)
      at processTicksAndRejections (node:internal/process/task_queues:83:21)

npm manifest: 
  {
    "name": "@openapi/admin",
    "version": "0.0.1",
    "description": "> TODO: description",
    "author": "Максим Калин <mkalin@web-bee.ru>",
    "homepage": "",
    "license": "ISC"
  }

yarn manifest: 
  No manifest

Lockfile: 
  No lockfile
